Compilation failed:
    source file: '/Applications/MAMP/htdocs/face-detection/face-detection-api/node_modules/opencv-build/opencv/opencv/cmake/checks/cxx11.cpp'
    check option: ''
===== BUILD LOG =====
Change Dir: /Applications/MAMP/htdocs/face-detection/face-detection-api/node_modules/opencv-build/opencv/build/CMakeFiles/CMakeTmp

Run Build Command:"/usr/bin/make" "cmTC_38859/fast"
/Applications/Xcode.app/Contents/Developer/usr/bin/make -f CMakeFiles/cmTC_38859.dir/build.make CMakeFiles/cmTC_38859.dir/build
Building CXX object CMakeFiles/cmTC_38859.dir/cxx11.cpp.o
/Applications/Xcode.app/Contents/Developer/Toolchains/XcodeDefault.xctoolchain/usr/bin/c++    -fPIE   -o CMakeFiles/cmTC_38859.dir/cxx11.cpp.o -c /Applications/MAMP/htdocs/face-detection/face-detection-api/node_modules/opencv-build/opencv/opencv/cmake/checks/cxx11.cpp
/Applications/MAMP/htdocs/face-detection/face-detection-api/node_modules/opencv-build/opencv/opencv/cmake/checks/cxx11.cpp:4:2: error: "C++11 is not supported"
#error "C++11 is not supported"
 ^
/Applications/MAMP/htdocs/face-detection/face-detection-api/node_modules/opencv-build/opencv/opencv/cmake/checks/cxx11.cpp:11:5: warning: 'auto' type specifier is a C++11 extension [-Wc++11-extensions]
    auto res = test();
    ^
1 warning and 1 error generated.
make[1]: *** [CMakeFiles/cmTC_38859.dir/cxx11.cpp.o] Error 1
make: *** [cmTC_38859/fast] Error 2

===== END =====

Determining if the include file malloc.h exists failed with the following output:
Change Dir: /Applications/MAMP/htdocs/face-detection/face-detection-api/node_modules/opencv-build/opencv/build/CMakeFiles/CMakeTmp

Run Build Command:"/usr/bin/make" "cmTC_6e160/fast"
/Applications/Xcode.app/Contents/Developer/usr/bin/make -f CMakeFiles/cmTC_6e160.dir/build.make CMakeFiles/cmTC_6e160.dir/build
Building C object CMakeFiles/cmTC_6e160.dir/CheckIncludeFile.c.o
/Applications/Xcode.app/Contents/Developer/Toolchains/XcodeDefault.xctoolchain/usr/bin/cc   -fsigned-char -W -Wall -Werror=return-type -Werror=non-virtual-dtor -Werror=address -Werror=sequence-point -Wformat -Werror=format-security -Wmissing-declarations -Wmissing-prototypes -Wstrict-prototypes -Wundef -Winit-self -Wpointer-arith -Wshadow -Wsign-promo -Wuninitialized -Winit-self -Wno-narrowing -Wno-delete-non-virtual-dtor -Wno-unnamed-type-template-args -Wno-comment -Wno-implicit-fallthrough -fdiagnostics-show-option -Wno-long-long -Qunused-arguments -Wno-semicolon-before-method-body -ffunction-sections -fdata-sections  -msse -msse2 -msse3 -fvisibility=hidden -fvisibility-inlines-hidden  -O3 -DNDEBUG -fPIE   -o CMakeFiles/cmTC_6e160.dir/CheckIncludeFile.c.o   -c /Applications/MAMP/htdocs/face-detection/face-detection-api/node_modules/opencv-build/opencv/build/CMakeFiles/CMakeTmp/CheckIncludeFile.c
/Applications/MAMP/htdocs/face-detection/face-detection-api/node_modules/opencv-build/opencv/build/CMakeFiles/CMakeTmp/CheckIncludeFile.c:1:10: fatal error: 'malloc.h' file not found
#include <malloc.h>
         ^
1 error generated.
make[1]: *** [CMakeFiles/cmTC_6e160.dir/CheckIncludeFile.c.o] Error 1
make: *** [cmTC_6e160/fast] Error 2


Determining size of off64_t failed with the following output:
Change Dir: /Applications/MAMP/htdocs/face-detection/face-detection-api/node_modules/opencv-build/opencv/build/CMakeFiles/CMakeTmp

Run Build Command:"/usr/bin/make" "cmTC_caecb/fast"
/Applications/Xcode.app/Contents/Developer/usr/bin/make -f CMakeFiles/cmTC_caecb.dir/build.make CMakeFiles/cmTC_caecb.dir/build
Building C object CMakeFiles/cmTC_caecb.dir/OFF64_T.c.o
/Applications/Xcode.app/Contents/Developer/Toolchains/XcodeDefault.xctoolchain/usr/bin/cc   -fsigned-char -W -Wall -Werror=return-type -Werror=non-virtual-dtor -Werror=address -Werror=sequence-point -Wformat -Werror=format-security -Wmissing-declarations -Wmissing-prototypes -Wstrict-prototypes -Wundef -Winit-self -Wpointer-arith -Wshadow -Wsign-promo -Wuninitialized -Winit-self -Wno-narrowing -Wno-delete-non-virtual-dtor -Wno-unnamed-type-template-args -Wno-comment -Wno-implicit-fallthrough -fdiagnostics-show-option -Wno-long-long -Qunused-arguments -Wno-semicolon-before-method-body -ffunction-sections -fdata-sections  -msse -msse2 -msse3 -fvisibility=hidden -fvisibility-inlines-hidden  -O3 -DNDEBUG -fPIE   -o CMakeFiles/cmTC_caecb.dir/OFF64_T.c.o   -c /Applications/MAMP/htdocs/face-detection/face-detection-api/node_modules/opencv-build/opencv/build/CMakeFiles/CheckTypeSize/OFF64_T.c
/Applications/MAMP/htdocs/face-detection/face-detection-api/node_modules/opencv-build/opencv/build/CMakeFiles/CheckTypeSize/OFF64_T.c:25:12: error: use of undeclared identifier 'off64_t'
  ('0' + ((SIZE / 10000)%10)),
           ^
/Applications/MAMP/htdocs/face-detection/face-detection-api/node_modules/opencv-build/opencv/build/CMakeFiles/CheckTypeSize/OFF64_T.c:23:22: note: expanded from macro 'SIZE'
#define SIZE (sizeof(off64_t))
                     ^
/Applications/MAMP/htdocs/face-detection/face-detection-api/node_modules/opencv-build/opencv/build/CMakeFiles/CheckTypeSize/OFF64_T.c:26:12: error: use of undeclared identifier 'off64_t'
  ('0' + ((SIZE / 1000)%10)),
           ^
/Applications/MAMP/htdocs/face-detection/face-detection-api/node_modules/opencv-build/opencv/build/CMakeFiles/CheckTypeSize/OFF64_T.c:23:22: note: expanded from macro 'SIZE'
#define SIZE (sizeof(off64_t))
                     ^
/Applications/MAMP/htdocs/face-detection/face-detection-api/node_modules/opencv-build/opencv/build/CMakeFiles/CheckTypeSize/OFF64_T.c:27:12: error: use of undeclared identifier 'off64_t'
  ('0' + ((SIZE / 100)%10)),
           ^
/Applications/MAMP/htdocs/face-detection/face-detection-api/node_modules/opencv-build/opencv/build/CMakeFiles/CheckTypeSize/OFF64_T.c:23:22: note: expanded from macro 'SIZE'
#define SIZE (sizeof(off64_t))
                     ^
/Applications/MAMP/htdocs/face-detection/face-detection-api/node_modules/opencv-build/opencv/build/CMakeFiles/CheckTypeSize/OFF64_T.c:28:12: error: use of undeclared identifier 'off64_t'
  ('0' + ((SIZE / 10)%10)),
           ^
/Applications/MAMP/htdocs/face-detection/face-detection-api/node_modules/opencv-build/opencv/build/CMakeFiles/CheckTypeSize/OFF64_T.c:23:22: note: expanded from macro 'SIZE'
#define SIZE (sizeof(off64_t))
                     ^
/Applications/MAMP/htdocs/face-detection/face-detection-api/node_modules/opencv-build/opencv/build/CMakeFiles/CheckTypeSize/OFF64_T.c:29:12: error: use of undeclared identifier 'off64_t'
  ('0' +  (SIZE    % 10)),
           ^
/Applications/MAMP/htdocs/face-detection/face-detection-api/node_modules/opencv-build/opencv/build/CMakeFiles/CheckTypeSize/OFF64_T.c:23:22: note: expanded from macro 'SIZE'
#define SIZE (sizeof(off64_t))
                     ^
5 errors generated.
make[1]: *** [CMakeFiles/cmTC_caecb.dir/OFF64_T.c.o] Error 1
make: *** [cmTC_caecb/fast] Error 2

/Applications/MAMP/htdocs/face-detection/face-detection-api/node_modules/opencv-build/opencv/build/CMakeFiles/CheckTypeSize/OFF64_T.c:
#include <sys/types.h>
#include <stdint.h>
#include <stddef.h>


#undef KEY
#if defined(__i386)
# define KEY '_','_','i','3','8','6'
#elif defined(__x86_64)
# define KEY '_','_','x','8','6','_','6','4'
#elif defined(__ppc__)
# define KEY '_','_','p','p','c','_','_'
#elif defined(__ppc64__)
# define KEY '_','_','p','p','c','6','4','_','_'
#elif defined(__aarch64__)
# define KEY '_','_','a','a','r','c','h','6','4','_','_'
#elif defined(__ARM_ARCH_7A__)
# define KEY '_','_','A','R','M','_','A','R','C','H','_','7','A','_','_'
#elif defined(__ARM_ARCH_7S__)
# define KEY '_','_','A','R','M','_','A','R','C','H','_','7','S','_','_'
#endif

#define SIZE (sizeof(off64_t))
char info_size[] =  {'I', 'N', 'F', 'O', ':', 's','i','z','e','[',
  ('0' + ((SIZE / 10000)%10)),
  ('0' + ((SIZE / 1000)%10)),
  ('0' + ((SIZE / 100)%10)),
  ('0' + ((SIZE / 10)%10)),
  ('0' +  (SIZE    % 10)),
  ']',
#ifdef KEY
  ' ','k','e','y','[', KEY, ']',
#endif
  '\0'};

#ifdef __CLASSIC_C__
int main(argc, argv) int argc; char *argv[];
#else
int main(int argc, char *argv[])
#endif
{
  int require = 0;
  require += info_size[argc];
  (void)argv;
  return require;
}


Determining if the include file io.h exists failed with the following output:
Change Dir: /Applications/MAMP/htdocs/face-detection/face-detection-api/node_modules/opencv-build/opencv/build/CMakeFiles/CMakeTmp

Run Build Command:"/usr/bin/make" "cmTC_90f33/fast"
/Applications/Xcode.app/Contents/Developer/usr/bin/make -f CMakeFiles/cmTC_90f33.dir/build.make CMakeFiles/cmTC_90f33.dir/build
Building C object CMakeFiles/cmTC_90f33.dir/CheckIncludeFile.c.o
/Applications/Xcode.app/Contents/Developer/Toolchains/XcodeDefault.xctoolchain/usr/bin/cc   -fsigned-char -W -Wall -Werror=return-type -Werror=non-virtual-dtor -Werror=address -Werror=sequence-point -Wformat -Werror=format-security -Wmissing-declarations -Wmissing-prototypes -Wstrict-prototypes -Wundef -Winit-self -Wpointer-arith -Wshadow -Wsign-promo -Wuninitialized -Winit-self -Wno-narrowing -Wno-delete-non-virtual-dtor -Wno-unnamed-type-template-args -Wno-comment -Wno-implicit-fallthrough -fdiagnostics-show-option -Wno-long-long -Qunused-arguments -Wno-semicolon-before-method-body -ffunction-sections -fdata-sections  -msse -msse2 -msse3 -fvisibility=hidden -fvisibility-inlines-hidden  -O3 -DNDEBUG -fPIE   -o CMakeFiles/cmTC_90f33.dir/CheckIncludeFile.c.o   -c /Applications/MAMP/htdocs/face-detection/face-detection-api/node_modules/opencv-build/opencv/build/CMakeFiles/CMakeTmp/CheckIncludeFile.c
/Applications/MAMP/htdocs/face-detection/face-detection-api/node_modules/opencv-build/opencv/build/CMakeFiles/CMakeTmp/CheckIncludeFile.c:1:10: fatal error: 'io.h' file not found
#include <io.h>
         ^
1 error generated.
make[1]: *** [CMakeFiles/cmTC_90f33.dir/CheckIncludeFile.c.o] Error 1
make: *** [cmTC_90f33/fast] Error 2


Determining size of INT8 failed with the following output:
Change Dir: /Applications/MAMP/htdocs/face-detection/face-detection-api/node_modules/opencv-build/opencv/build/CMakeFiles/CMakeTmp

Run Build Command:"/usr/bin/make" "cmTC_39fdc/fast"
/Applications/Xcode.app/Contents/Developer/usr/bin/make -f CMakeFiles/cmTC_39fdc.dir/build.make CMakeFiles/cmTC_39fdc.dir/build
Building C object CMakeFiles/cmTC_39fdc.dir/int8.c.o
/Applications/Xcode.app/Contents/Developer/Toolchains/XcodeDefault.xctoolchain/usr/bin/cc   -fsigned-char -W -Wall -Werror=return-type -Werror=non-virtual-dtor -Werror=address -Werror=sequence-point -Wformat -Werror=format-security -Wmissing-declarations -Wmissing-prototypes -Wstrict-prototypes -Wundef -Winit-self -Wpointer-arith -Wshadow -Wsign-promo -Wuninitialized -Winit-self -Wno-narrowing -Wno-delete-non-virtual-dtor -Wno-unnamed-type-template-args -Wno-comment -Wno-implicit-fallthrough -fdiagnostics-show-option -Wno-long-long -Qunused-arguments -Wno-semicolon-before-method-body -ffunction-sections -fdata-sections  -msse -msse2 -msse3 -fvisibility=hidden -fvisibility-inlines-hidden  -O3 -DNDEBUG -fPIE   -o CMakeFiles/cmTC_39fdc.dir/int8.c.o   -c /Applications/MAMP/htdocs/face-detection/face-detection-api/node_modules/opencv-build/opencv/build/CMakeFiles/CheckTypeSize/int8.c
/Applications/MAMP/htdocs/face-detection/face-detection-api/node_modules/opencv-build/opencv/build/CMakeFiles/CheckTypeSize/int8.c:25:12: error: use of undeclared identifier 'INT8'
  ('0' + ((SIZE / 10000)%10)),
           ^
/Applications/MAMP/htdocs/face-detection/face-detection-api/node_modules/opencv-build/opencv/build/CMakeFiles/CheckTypeSize/int8.c:23:22: note: expanded from macro 'SIZE'
#define SIZE (sizeof(INT8))
                     ^
/Applications/MAMP/htdocs/face-detection/face-detection-api/node_modules/opencv-build/opencv/build/CMakeFiles/CheckTypeSize/int8.c:26:12: error: use of undeclared identifier 'INT8'
  ('0' + ((SIZE / 1000)%10)),
           ^
/Applications/MAMP/htdocs/face-detection/face-detection-api/node_modules/opencv-build/opencv/build/CMakeFiles/CheckTypeSize/int8.c:23:22: note: expanded from macro 'SIZE'
#define SIZE (sizeof(INT8))
                     ^
/Applications/MAMP/htdocs/face-detection/face-detection-api/node_modules/opencv-build/opencv/build/CMakeFiles/CheckTypeSize/int8.c:27:12: error: use of undeclared identifier 'INT8'
  ('0' + ((SIZE / 100)%10)),
           ^
/Applications/MAMP/htdocs/face-detection/face-detection-api/node_modules/opencv-build/opencv/build/CMakeFiles/CheckTypeSize/int8.c:23:22: note: expanded from macro 'SIZE'
#define SIZE (sizeof(INT8))
                     ^
/Applications/MAMP/htdocs/face-detection/face-detection-api/node_modules/opencv-build/opencv/build/CMakeFiles/CheckTypeSize/int8.c:28:12: error: use of undeclared identifier 'INT8'
  ('0' + ((SIZE / 10)%10)),
           ^
/Applications/MAMP/htdocs/face-detection/face-detection-api/node_modules/opencv-build/opencv/build/CMakeFiles/CheckTypeSize/int8.c:23:22: note: expanded from macro 'SIZE'
#define SIZE (sizeof(INT8))
                     ^
/Applications/MAMP/htdocs/face-detection/face-detection-api/node_modules/opencv-build/opencv/build/CMakeFiles/CheckTypeSize/int8.c:29:12: error: use of undeclared identifier 'INT8'
  ('0' +  (SIZE    % 10)),
           ^
/Applications/MAMP/htdocs/face-detection/face-detection-api/node_modules/opencv-build/opencv/build/CMakeFiles/CheckTypeSize/int8.c:23:22: note: expanded from macro 'SIZE'
#define SIZE (sizeof(INT8))
                     ^
5 errors generated.
make[1]: *** [CMakeFiles/cmTC_39fdc.dir/int8.c.o] Error 1
make: *** [cmTC_39fdc/fast] Error 2

/Applications/MAMP/htdocs/face-detection/face-detection-api/node_modules/opencv-build/opencv/build/CMakeFiles/CheckTypeSize/int8.c:
#include <sys/types.h>
#include <stdint.h>
#include <stddef.h>


#undef KEY
#if defined(__i386)
# define KEY '_','_','i','3','8','6'
#elif defined(__x86_64)
# define KEY '_','_','x','8','6','_','6','4'
#elif defined(__ppc__)
# define KEY '_','_','p','p','c','_','_'
#elif defined(__ppc64__)
# define KEY '_','_','p','p','c','6','4','_','_'
#elif defined(__aarch64__)
# define KEY '_','_','a','a','r','c','h','6','4','_','_'
#elif defined(__ARM_ARCH_7A__)
# define KEY '_','_','A','R','M','_','A','R','C','H','_','7','A','_','_'
#elif defined(__ARM_ARCH_7S__)
# define KEY '_','_','A','R','M','_','A','R','C','H','_','7','S','_','_'
#endif

#define SIZE (sizeof(INT8))
char info_size[] =  {'I', 'N', 'F', 'O', ':', 's','i','z','e','[',
  ('0' + ((SIZE / 10000)%10)),
  ('0' + ((SIZE / 1000)%10)),
  ('0' + ((SIZE / 100)%10)),
  ('0' + ((SIZE / 10)%10)),
  ('0' +  (SIZE    % 10)),
  ']',
#ifdef KEY
  ' ','k','e','y','[', KEY, ']',
#endif
  '\0'};

#ifdef __CLASSIC_C__
int main(argc, argv) int argc; char *argv[];
#else
int main(int argc, char *argv[])
#endif
{
  int require = 0;
  require += info_size[argc];
  (void)argv;
  return require;
}


Determining size of INT16 failed with the following output:
Change Dir: /Applications/MAMP/htdocs/face-detection/face-detection-api/node_modules/opencv-build/opencv/build/CMakeFiles/CMakeTmp

Run Build Command:"/usr/bin/make" "cmTC_5e961/fast"
/Applications/Xcode.app/Contents/Developer/usr/bin/make -f CMakeFiles/cmTC_5e961.dir/build.make CMakeFiles/cmTC_5e961.dir/build
Building C object CMakeFiles/cmTC_5e961.dir/int16.c.o
/Applications/Xcode.app/Contents/Developer/Toolchains/XcodeDefault.xctoolchain/usr/bin/cc   -fsigned-char -W -Wall -Werror=return-type -Werror=non-virtual-dtor -Werror=address -Werror=sequence-point -Wformat -Werror=format-security -Wmissing-declarations -Wmissing-prototypes -Wstrict-prototypes -Wundef -Winit-self -Wpointer-arith -Wshadow -Wsign-promo -Wuninitialized -Winit-self -Wno-narrowing -Wno-delete-non-virtual-dtor -Wno-unnamed-type-template-args -Wno-comment -Wno-implicit-fallthrough -fdiagnostics-show-option -Wno-long-long -Qunused-arguments -Wno-semicolon-before-method-body -ffunction-sections -fdata-sections  -msse -msse2 -msse3 -fvisibility=hidden -fvisibility-inlines-hidden  -O3 -DNDEBUG -fPIE   -o CMakeFiles/cmTC_5e961.dir/int16.c.o   -c /Applications/MAMP/htdocs/face-detection/face-detection-api/node_modules/opencv-build/opencv/build/CMakeFiles/CheckTypeSize/int16.c
/Applications/MAMP/htdocs/face-detection/face-detection-api/node_modules/opencv-build/opencv/build/CMakeFiles/CheckTypeSize/int16.c:25:12: error: use of undeclared identifier 'INT16'
  ('0' + ((SIZE / 10000)%10)),
           ^
/Applications/MAMP/htdocs/face-detection/face-detection-api/node_modules/opencv-build/opencv/build/CMakeFiles/CheckTypeSize/int16.c:23:22: note: expanded from macro 'SIZE'
#define SIZE (sizeof(INT16))
                     ^
/Applications/MAMP/htdocs/face-detection/face-detection-api/node_modules/opencv-build/opencv/build/CMakeFiles/CheckTypeSize/int16.c:26:12: error: use of undeclared identifier 'INT16'
  ('0' + ((SIZE / 1000)%10)),
           ^
/Applications/MAMP/htdocs/face-detection/face-detection-api/node_modules/opencv-build/opencv/build/CMakeFiles/CheckTypeSize/int16.c:23:22: note: expanded from macro 'SIZE'
#define SIZE (sizeof(INT16))
                     ^
/Applications/MAMP/htdocs/face-detection/face-detection-api/node_modules/opencv-build/opencv/build/CMakeFiles/CheckTypeSize/int16.c:27:12: error: use of undeclared identifier 'INT16'
  ('0' + ((SIZE / 100)%10)),
           ^
/Applications/MAMP/htdocs/face-detection/face-detection-api/node_modules/opencv-build/opencv/build/CMakeFiles/CheckTypeSize/int16.c:23:22: note: expanded from macro 'SIZE'
#define SIZE (sizeof(INT16))
                     ^
/Applications/MAMP/htdocs/face-detection/face-detection-api/node_modules/opencv-build/opencv/build/CMakeFiles/CheckTypeSize/int16.c:28:12: error: use of undeclared identifier 'INT16'
  ('0' + ((SIZE / 10)%10)),
           ^
/Applications/MAMP/htdocs/face-detection/face-detection-api/node_modules/opencv-build/opencv/build/CMakeFiles/CheckTypeSize/int16.c:23:22: note: expanded from macro 'SIZE'
#define SIZE (sizeof(INT16))
                     ^
/Applications/MAMP/htdocs/face-detection/face-detection-api/node_modules/opencv-build/opencv/build/CMakeFiles/CheckTypeSize/int16.c:29:12: error: use of undeclared identifier 'INT16'
  ('0' +  (SIZE    % 10)),
           ^
/Applications/MAMP/htdocs/face-detection/face-detection-api/node_modules/opencv-build/opencv/build/CMakeFiles/CheckTypeSize/int16.c:23:22: note: expanded from macro 'SIZE'
#define SIZE (sizeof(INT16))
                     ^
5 errors generated.
make[1]: *** [CMakeFiles/cmTC_5e961.dir/int16.c.o] Error 1
make: *** [cmTC_5e961/fast] Error 2

/Applications/MAMP/htdocs/face-detection/face-detection-api/node_modules/opencv-build/opencv/build/CMakeFiles/CheckTypeSize/int16.c:
#include <sys/types.h>
#include <stdint.h>
#include <stddef.h>


#undef KEY
#if defined(__i386)
# define KEY '_','_','i','3','8','6'
#elif defined(__x86_64)
# define KEY '_','_','x','8','6','_','6','4'
#elif defined(__ppc__)
# define KEY '_','_','p','p','c','_','_'
#elif defined(__ppc64__)
# define KEY '_','_','p','p','c','6','4','_','_'
#elif defined(__aarch64__)
# define KEY '_','_','a','a','r','c','h','6','4','_','_'
#elif defined(__ARM_ARCH_7A__)
# define KEY '_','_','A','R','M','_','A','R','C','H','_','7','A','_','_'
#elif defined(__ARM_ARCH_7S__)
# define KEY '_','_','A','R','M','_','A','R','C','H','_','7','S','_','_'
#endif

#define SIZE (sizeof(INT16))
char info_size[] =  {'I', 'N', 'F', 'O', ':', 's','i','z','e','[',
  ('0' + ((SIZE / 10000)%10)),
  ('0' + ((SIZE / 1000)%10)),
  ('0' + ((SIZE / 100)%10)),
  ('0' + ((SIZE / 10)%10)),
  ('0' +  (SIZE    % 10)),
  ']',
#ifdef KEY
  ' ','k','e','y','[', KEY, ']',
#endif
  '\0'};

#ifdef __CLASSIC_C__
int main(argc, argv) int argc; char *argv[];
#else
int main(int argc, char *argv[])
#endif
{
  int require = 0;
  require += info_size[argc];
  (void)argv;
  return require;
}


Determining size of INT32 failed with the following output:
Change Dir: /Applications/MAMP/htdocs/face-detection/face-detection-api/node_modules/opencv-build/opencv/build/CMakeFiles/CMakeTmp

Run Build Command:"/usr/bin/make" "cmTC_d9963/fast"
/Applications/Xcode.app/Contents/Developer/usr/bin/make -f CMakeFiles/cmTC_d9963.dir/build.make CMakeFiles/cmTC_d9963.dir/build
Building C object CMakeFiles/cmTC_d9963.dir/int32.c.o
/Applications/Xcode.app/Contents/Developer/Toolchains/XcodeDefault.xctoolchain/usr/bin/cc   -fsigned-char -W -Wall -Werror=return-type -Werror=non-virtual-dtor -Werror=address -Werror=sequence-point -Wformat -Werror=format-security -Wmissing-declarations -Wmissing-prototypes -Wstrict-prototypes -Wundef -Winit-self -Wpointer-arith -Wshadow -Wsign-promo -Wuninitialized -Winit-self -Wno-narrowing -Wno-delete-non-virtual-dtor -Wno-unnamed-type-template-args -Wno-comment -Wno-implicit-fallthrough -fdiagnostics-show-option -Wno-long-long -Qunused-arguments -Wno-semicolon-before-method-body -ffunction-sections -fdata-sections  -msse -msse2 -msse3 -fvisibility=hidden -fvisibility-inlines-hidden  -O3 -DNDEBUG -fPIE   -o CMakeFiles/cmTC_d9963.dir/int32.c.o   -c /Applications/MAMP/htdocs/face-detection/face-detection-api/node_modules/opencv-build/opencv/build/CMakeFiles/CheckTypeSize/int32.c
/Applications/MAMP/htdocs/face-detection/face-detection-api/node_modules/opencv-build/opencv/build/CMakeFiles/CheckTypeSize/int32.c:25:12: error: use of undeclared identifier 'INT32'
  ('0' + ((SIZE / 10000)%10)),
           ^
/Applications/MAMP/htdocs/face-detection/face-detection-api/node_modules/opencv-build/opencv/build/CMakeFiles/CheckTypeSize/int32.c:23:22: note: expanded from macro 'SIZE'
#define SIZE (sizeof(INT32))
                     ^
/Applications/MAMP/htdocs/face-detection/face-detection-api/node_modules/opencv-build/opencv/build/CMakeFiles/CheckTypeSize/int32.c:26:12: error: use of undeclared identifier 'INT32'
  ('0' + ((SIZE / 1000)%10)),
           ^
/Applications/MAMP/htdocs/face-detection/face-detection-api/node_modules/opencv-build/opencv/build/CMakeFiles/CheckTypeSize/int32.c:23:22: note: expanded from macro 'SIZE'
#define SIZE (sizeof(INT32))
                     ^
/Applications/MAMP/htdocs/face-detection/face-detection-api/node_modules/opencv-build/opencv/build/CMakeFiles/CheckTypeSize/int32.c:27:12: error: use of undeclared identifier 'INT32'
  ('0' + ((SIZE / 100)%10)),
           ^
/Applications/MAMP/htdocs/face-detection/face-detection-api/node_modules/opencv-build/opencv/build/CMakeFiles/CheckTypeSize/int32.c:23:22: note: expanded from macro 'SIZE'
#define SIZE (sizeof(INT32))
                     ^
/Applications/MAMP/htdocs/face-detection/face-detection-api/node_modules/opencv-build/opencv/build/CMakeFiles/CheckTypeSize/int32.c:28:12: error: use of undeclared identifier 'INT32'
  ('0' + ((SIZE / 10)%10)),
           ^
/Applications/MAMP/htdocs/face-detection/face-detection-api/node_modules/opencv-build/opencv/build/CMakeFiles/CheckTypeSize/int32.c:23:22: note: expanded from macro 'SIZE'
#define SIZE (sizeof(INT32))
                     ^
/Applications/MAMP/htdocs/face-detection/face-detection-api/node_modules/opencv-build/opencv/build/CMakeFiles/CheckTypeSize/int32.c:29:12: error: use of undeclared identifier 'INT32'
  ('0' +  (SIZE    % 10)),
           ^
/Applications/MAMP/htdocs/face-detection/face-detection-api/node_modules/opencv-build/opencv/build/CMakeFiles/CheckTypeSize/int32.c:23:22: note: expanded from macro 'SIZE'
#define SIZE (sizeof(INT32))
                     ^
5 errors generated.
make[1]: *** [CMakeFiles/cmTC_d9963.dir/int32.c.o] Error 1
make: *** [cmTC_d9963/fast] Error 2

/Applications/MAMP/htdocs/face-detection/face-detection-api/node_modules/opencv-build/opencv/build/CMakeFiles/CheckTypeSize/int32.c:
#include <sys/types.h>
#include <stdint.h>
#include <stddef.h>


#undef KEY
#if defined(__i386)
# define KEY '_','_','i','3','8','6'
#elif defined(__x86_64)
# define KEY '_','_','x','8','6','_','6','4'
#elif defined(__ppc__)
# define KEY '_','_','p','p','c','_','_'
#elif defined(__ppc64__)
# define KEY '_','_','p','p','c','6','4','_','_'
#elif defined(__aarch64__)
# define KEY '_','_','a','a','r','c','h','6','4','_','_'
#elif defined(__ARM_ARCH_7A__)
# define KEY '_','_','A','R','M','_','A','R','C','H','_','7','A','_','_'
#elif defined(__ARM_ARCH_7S__)
# define KEY '_','_','A','R','M','_','A','R','C','H','_','7','S','_','_'
#endif

#define SIZE (sizeof(INT32))
char info_size[] =  {'I', 'N', 'F', 'O', ':', 's','i','z','e','[',
  ('0' + ((SIZE / 10000)%10)),
  ('0' + ((SIZE / 1000)%10)),
  ('0' + ((SIZE / 100)%10)),
  ('0' + ((SIZE / 10)%10)),
  ('0' +  (SIZE    % 10)),
  ']',
#ifdef KEY
  ' ','k','e','y','[', KEY, ']',
#endif
  '\0'};

#ifdef __CLASSIC_C__
int main(argc, argv) int argc; char *argv[];
#else
int main(int argc, char *argv[])
#endif
{
  int require = 0;
  require += info_size[argc];
  (void)argv;
  return require;
}


Build output check failed:
    Regex: 'unknown .*option'
    Output line: 'warning: unknown warning option '-Wno-unused-but-set-variable', did you mean '-Wno-unused-const-variable'? [-Wunknown-warning-option]'
Compilation failed:
    source file: '/Applications/MAMP/htdocs/face-detection/face-detection-api/node_modules/opencv-build/opencv/build/CMakeFiles/CMakeTmp/src.c'
    check option: ' -Wno-unused-but-set-variable'
===== BUILD LOG =====
Change Dir: /Applications/MAMP/htdocs/face-detection/face-detection-api/node_modules/opencv-build/opencv/build/CMakeFiles/CMakeTmp

Run Build Command:"/usr/bin/make" "cmTC_984ed/fast"
/Applications/Xcode.app/Contents/Developer/usr/bin/make -f CMakeFiles/cmTC_984ed.dir/build.make CMakeFiles/cmTC_984ed.dir/build
Building C object CMakeFiles/cmTC_984ed.dir/src.c.o
/Applications/Xcode.app/Contents/Developer/Toolchains/XcodeDefault.xctoolchain/usr/bin/cc   -fsigned-char -W -Wall -Werror=return-type -Werror=non-virtual-dtor -Werror=address -Werror=sequence-point -Wformat -Werror=format-security -Wmissing-declarations -Wmissing-prototypes -Wstrict-prototypes -Wundef -Winit-self -Wpointer-arith -Wshadow -Wsign-promo -Wuninitialized -Winit-self -Wno-narrowing -Wno-delete-non-virtual-dtor -Wno-unnamed-type-template-args -Wno-comment -Wno-implicit-fallthrough -fdiagnostics-show-option -Wno-long-long -Qunused-arguments -Wno-semicolon-before-method-body -ffunction-sections -fdata-sections  -msse -msse2 -msse3 -fvisibility=hidden -fvisibility-inlines-hidden  -O3 -DNDEBUG -fPIE   -Wno-unused-but-set-variable -o CMakeFiles/cmTC_984ed.dir/src.c.o   -c /Applications/MAMP/htdocs/face-detection/face-detection-api/node_modules/opencv-build/opencv/build/CMakeFiles/CMakeTmp/src.c
warning: unknown warning option '-Wno-unused-but-set-variable'; did you mean '-Wno-unused-const-variable'? [-Wunknown-warning-option]
/Applications/MAMP/htdocs/face-detection/face-detection-api/node_modules/opencv-build/opencv/build/CMakeFiles/CMakeTmp/src.c:1:8: warning: unknown pragma ignored [-Wunknown-pragmas]
#pragma
       ^
2 warnings generated.
Linking C executable cmTC_984ed
/usr/local/Cellar/cmake/3.12.1/bin/cmake -E cmake_link_script CMakeFiles/cmTC_984ed.dir/link.txt --verbose=1
/Applications/Xcode.app/Contents/Developer/Toolchains/XcodeDefault.xctoolchain/usr/bin/cc    -fsigned-char -W -Wall -Werror=return-type -Werror=non-virtual-dtor -Werror=address -Werror=sequence-point -Wformat -Werror=format-security -Wmissing-declarations -Wmissing-prototypes -Wstrict-prototypes -Wundef -Winit-self -Wpointer-arith -Wshadow -Wsign-promo -Wuninitialized -Winit-self -Wno-narrowing -Wno-delete-non-virtual-dtor -Wno-unnamed-type-template-args -Wno-comment -Wno-implicit-fallthrough -fdiagnostics-show-option -Wno-long-long -Qunused-arguments -Wno-semicolon-before-method-body -ffunction-sections -fdata-sections  -msse -msse2 -msse3 -fvisibility=hidden -fvisibility-inlines-hidden  -O3 -DNDEBUG -Wl,-search_paths_first -Wl,-headerpad_max_install_names    CMakeFiles/cmTC_984ed.dir/src.c.o  -o cmTC_984ed 

===== END =====

Build output check failed:
    Regex: 'unknown .*option'
    Output line: 'warning: unknown warning option '-Wno-maybe-uninitialized', did you mean '-Wno-uninitialized'? [-Wunknown-warning-option]'
Compilation failed:
    source file: '/Applications/MAMP/htdocs/face-detection/face-detection-api/node_modules/opencv-build/opencv/build/CMakeFiles/CMakeTmp/src.c'
    check option: ' -Wno-maybe-uninitialized'
===== BUILD LOG =====
Change Dir: /Applications/MAMP/htdocs/face-detection/face-detection-api/node_modules/opencv-build/opencv/build/CMakeFiles/CMakeTmp

Run Build Command:"/usr/bin/make" "cmTC_e3db2/fast"
/Applications/Xcode.app/Contents/Developer/usr/bin/make -f CMakeFiles/cmTC_e3db2.dir/build.make CMakeFiles/cmTC_e3db2.dir/build
Building C object CMakeFiles/cmTC_e3db2.dir/src.c.o
/Applications/Xcode.app/Contents/Developer/Toolchains/XcodeDefault.xctoolchain/usr/bin/cc   -fsigned-char -W -Wall -Werror=return-type -Werror=non-virtual-dtor -Werror=address -Werror=sequence-point -Wformat -Werror=format-security   -Wstrict-prototypes  -Winit-self -Wpointer-arith  -Wsign-promo -Wuninitialized -Winit-self -Wno-narrowing -Wno-delete-non-virtual-dtor -Wno-unnamed-type-template-args -Wno-comment -Wno-implicit-fallthrough -fdiagnostics-show-option -Wno-long-long -Qunused-arguments -Wno-semicolon-before-method-body -ffunction-sections -fdata-sections  -msse -msse2 -msse3 -fvisibility=hidden -fvisibility-inlines-hidden -Wno-missing-prototypes -Wno-missing-declarations -Wno-undef -Wno-unused -Wno-sign-compare -Wno-cast-align -Wno-shadow  -O3 -DNDEBUG -fPIE   -Wno-maybe-uninitialized -o CMakeFiles/cmTC_e3db2.dir/src.c.o   -c /Applications/MAMP/htdocs/face-detection/face-detection-api/node_modules/opencv-build/opencv/build/CMakeFiles/CMakeTmp/src.c
warning: unknown warning option '-Wno-maybe-uninitialized'; did you mean '-Wno-uninitialized'? [-Wunknown-warning-option]
/Applications/MAMP/htdocs/face-detection/face-detection-api/node_modules/opencv-build/opencv/build/CMakeFiles/CMakeTmp/src.c:1:8: warning: unknown pragma ignored [-Wunknown-pragmas]
#pragma
       ^
2 warnings generated.
Linking C executable cmTC_e3db2
/usr/local/Cellar/cmake/3.12.1/bin/cmake -E cmake_link_script CMakeFiles/cmTC_e3db2.dir/link.txt --verbose=1
/Applications/Xcode.app/Contents/Developer/Toolchains/XcodeDefault.xctoolchain/usr/bin/cc    -fsigned-char -W -Wall -Werror=return-type -Werror=non-virtual-dtor -Werror=address -Werror=sequence-point -Wformat -Werror=format-security   -Wstrict-prototypes  -Winit-self -Wpointer-arith  -Wsign-promo -Wuninitialized -Winit-self -Wno-narrowing -Wno-delete-non-virtual-dtor -Wno-unnamed-type-template-args -Wno-comment -Wno-implicit-fallthrough -fdiagnostics-show-option -Wno-long-long -Qunused-arguments -Wno-semicolon-before-method-body -ffunction-sections -fdata-sections  -msse -msse2 -msse3 -fvisibility=hidden -fvisibility-inlines-hidden -Wno-missing-prototypes -Wno-missing-declarations -Wno-undef -Wno-unused -Wno-sign-compare -Wno-cast-align -Wno-shadow  -O3 -DNDEBUG -Wl,-search_paths_first -Wl,-headerpad_max_install_names    CMakeFiles/cmTC_e3db2.dir/src.c.o  -o cmTC_e3db2 

===== END =====

Build output check failed:
    Regex: 'unknown .*option'
    Output line: 'warning: unknown warning option '-Wno-misleading-indentation', did you mean '-Wno-missing-declarations'? [-Wunknown-warning-option]'
Compilation failed:
    source file: '/Applications/MAMP/htdocs/face-detection/face-detection-api/node_modules/opencv-build/opencv/build/CMakeFiles/CMakeTmp/src.c'
    check option: ' -Wno-misleading-indentation'
===== BUILD LOG =====
Change Dir: /Applications/MAMP/htdocs/face-detection/face-detection-api/node_modules/opencv-build/opencv/build/CMakeFiles/CMakeTmp

Run Build Command:"/usr/bin/make" "cmTC_093d4/fast"
/Applications/Xcode.app/Contents/Developer/usr/bin/make -f CMakeFiles/cmTC_093d4.dir/build.make CMakeFiles/cmTC_093d4.dir/build
Building C object CMakeFiles/cmTC_093d4.dir/src.c.o
/Applications/Xcode.app/Contents/Developer/Toolchains/XcodeDefault.xctoolchain/usr/bin/cc   -fsigned-char -W -Wall -Werror=return-type -Werror=non-virtual-dtor -Werror=address -Werror=sequence-point -Wformat -Werror=format-security   -Wstrict-prototypes  -Winit-self -Wpointer-arith  -Wsign-promo -Wuninitialized -Winit-self -Wno-narrowing -Wno-delete-non-virtual-dtor -Wno-unnamed-type-template-args -Wno-comment -Wno-implicit-fallthrough -fdiagnostics-show-option -Wno-long-long -Qunused-arguments -Wno-semicolon-before-method-body -ffunction-sections -fdata-sections  -msse -msse2 -msse3 -fvisibility=hidden -fvisibility-inlines-hidden -Wno-missing-prototypes -Wno-missing-declarations -Wno-undef -Wno-unused -Wno-sign-compare -Wno-cast-align -Wno-shadow -Wno-pointer-to-int-cast -Wno-int-to-pointer-cast  -O3 -DNDEBUG -fPIE   -Wno-misleading-indentation -o CMakeFiles/cmTC_093d4.dir/src.c.o   -c /Applications/MAMP/htdocs/face-detection/face-detection-api/node_modules/opencv-build/opencv/build/CMakeFiles/CMakeTmp/src.c
warning: unknown warning option '-Wno-misleading-indentation'; did you mean '-Wno-missing-declarations'? [-Wunknown-warning-option]
/Applications/MAMP/htdocs/face-detection/face-detection-api/node_modules/opencv-build/opencv/build/CMakeFiles/CMakeTmp/src.c:1:8: warning: unknown pragma ignored [-Wunknown-pragmas]
#pragma
       ^
2 warnings generated.
Linking C executable cmTC_093d4
/usr/local/Cellar/cmake/3.12.1/bin/cmake -E cmake_link_script CMakeFiles/cmTC_093d4.dir/link.txt --verbose=1
/Applications/Xcode.app/Contents/Developer/Toolchains/XcodeDefault.xctoolchain/usr/bin/cc    -fsigned-char -W -Wall -Werror=return-type -Werror=non-virtual-dtor -Werror=address -Werror=sequence-point -Wformat -Werror=format-security   -Wstrict-prototypes  -Winit-self -Wpointer-arith  -Wsign-promo -Wuninitialized -Winit-self -Wno-narrowing -Wno-delete-non-virtual-dtor -Wno-unnamed-type-template-args -Wno-comment -Wno-implicit-fallthrough -fdiagnostics-show-option -Wno-long-long -Qunused-arguments -Wno-semicolon-before-method-body -ffunction-sections -fdata-sections  -msse -msse2 -msse3 -fvisibility=hidden -fvisibility-inlines-hidden -Wno-missing-prototypes -Wno-missing-declarations -Wno-undef -Wno-unused -Wno-sign-compare -Wno-cast-align -Wno-shadow -Wno-pointer-to-int-cast -Wno-int-to-pointer-cast  -O3 -DNDEBUG -Wl,-search_paths_first -Wl,-headerpad_max_install_names    CMakeFiles/cmTC_093d4.dir/src.c.o  -o cmTC_093d4 

===== END =====

Build output check failed:
    Regex: 'unknown .*option'
    Output line: 'warning: unknown warning option '-Wno-unused-but-set-parameter', did you mean '-Wno-unused-parameter'? [-Wunknown-warning-option]'
Compilation failed:
    source file: '/Applications/MAMP/htdocs/face-detection/face-detection-api/node_modules/opencv-build/opencv/build/CMakeFiles/CMakeTmp/src.c'
    check option: ' -Wno-unused-but-set-parameter'
===== BUILD LOG =====
Change Dir: /Applications/MAMP/htdocs/face-detection/face-detection-api/node_modules/opencv-build/opencv/build/CMakeFiles/CMakeTmp

Run Build Command:"/usr/bin/make" "cmTC_62858/fast"
/Applications/Xcode.app/Contents/Developer/usr/bin/make -f CMakeFiles/cmTC_62858.dir/build.make CMakeFiles/cmTC_62858.dir/build
Building C object CMakeFiles/cmTC_62858.dir/src.c.o
/Applications/Xcode.app/Contents/Developer/Toolchains/XcodeDefault.xctoolchain/usr/bin/cc   -fsigned-char -W -Wall -Werror=return-type -Werror=non-virtual-dtor -Werror=address -Werror=sequence-point -Wformat -Werror=format-security -Wmissing-declarations  -Wstrict-prototypes -Wundef -Winit-self -Wpointer-arith -Wshadow -Wsign-promo -Wuninitialized -Winit-self -Wno-narrowing -Wno-delete-non-virtual-dtor -Wno-unnamed-type-template-args -Wno-comment -Wno-implicit-fallthrough -fdiagnostics-show-option -Wno-long-long -Qunused-arguments -Wno-semicolon-before-method-body -ffunction-sections -fdata-sections  -msse -msse2 -msse3 -fvisibility=hidden -fvisibility-inlines-hidden -Wno-implicit-function-declaration -Wno-uninitialized -Wno-missing-prototypes  -O3 -DNDEBUG -fPIE   -Wno-unused-but-set-parameter -o CMakeFiles/cmTC_62858.dir/src.c.o   -c /Applications/MAMP/htdocs/face-detection/face-detection-api/node_modules/opencv-build/opencv/build/CMakeFiles/CMakeTmp/src.c
warning: unknown warning option '-Wno-unused-but-set-parameter'; did you mean '-Wno-unused-parameter'? [-Wunknown-warning-option]
/Applications/MAMP/htdocs/face-detection/face-detection-api/node_modules/opencv-build/opencv/build/CMakeFiles/CMakeTmp/src.c:1:8: warning: unknown pragma ignored [-Wunknown-pragmas]
#pragma
       ^
2 warnings generated.
Linking C executable cmTC_62858
/usr/local/Cellar/cmake/3.12.1/bin/cmake -E cmake_link_script CMakeFiles/cmTC_62858.dir/link.txt --verbose=1
/Applications/Xcode.app/Contents/Developer/Toolchains/XcodeDefault.xctoolchain/usr/bin/cc    -fsigned-char -W -Wall -Werror=return-type -Werror=non-virtual-dtor -Werror=address -Werror=sequence-point -Wformat -Werror=format-security -Wmissing-declarations  -Wstrict-prototypes -Wundef -Winit-self -Wpointer-arith -Wshadow -Wsign-promo -Wuninitialized -Winit-self -Wno-narrowing -Wno-delete-non-virtual-dtor -Wno-unnamed-type-template-args -Wno-comment -Wno-implicit-fallthrough -fdiagnostics-show-option -Wno-long-long -Qunused-arguments -Wno-semicolon-before-method-body -ffunction-sections -fdata-sections  -msse -msse2 -msse3 -fvisibility=hidden -fvisibility-inlines-hidden -Wno-implicit-function-declaration -Wno-uninitialized -Wno-missing-prototypes  -O3 -DNDEBUG -Wl,-search_paths_first -Wl,-headerpad_max_install_names    CMakeFiles/cmTC_62858.dir/src.c.o  -o cmTC_62858 

===== END =====

Build output check failed:
    Regex: 'unknown .*option'
    Output line: 'warning: unknown warning option '-Wno-pointer-compare' [-Wunknown-warning-option]'
Compilation failed:
    source file: '/Applications/MAMP/htdocs/face-detection/face-detection-api/node_modules/opencv-build/opencv/build/CMakeFiles/CMakeTmp/src.c'
    check option: ' -Wno-pointer-compare'
===== BUILD LOG =====
Change Dir: /Applications/MAMP/htdocs/face-detection/face-detection-api/node_modules/opencv-build/opencv/build/CMakeFiles/CMakeTmp

Run Build Command:"/usr/bin/make" "cmTC_f59e0/fast"
/Applications/Xcode.app/Contents/Developer/usr/bin/make -f CMakeFiles/cmTC_f59e0.dir/build.make CMakeFiles/cmTC_f59e0.dir/build
Building C object CMakeFiles/cmTC_f59e0.dir/src.c.o
/Applications/Xcode.app/Contents/Developer/Toolchains/XcodeDefault.xctoolchain/usr/bin/cc   -fsigned-char -W -Wall -Werror=return-type -Werror=non-virtual-dtor -Werror=address -Werror=sequence-point -Wformat -Werror=format-security   -Wstrict-prototypes -Wundef -Winit-self -Wpointer-arith  -Wsign-promo -Wuninitialized -Winit-self -Wno-narrowing -Wno-delete-non-virtual-dtor -Wno-unnamed-type-template-args -Wno-comment -Wno-implicit-fallthrough -fdiagnostics-show-option -Wno-long-long -Qunused-arguments -Wno-semicolon-before-method-body -ffunction-sections -fdata-sections  -msse -msse2 -msse3 -fvisibility=hidden -fvisibility-inlines-hidden -Wno-implicit-function-declaration -Wno-uninitialized -Wno-missing-prototypes -Wno-missing-declarations -Wno-unused -Wno-shadow -Wno-sign-compare -Wno-strict-overflow  -O3 -DNDEBUG -fPIE   -Wno-pointer-compare -o CMakeFiles/cmTC_f59e0.dir/src.c.o   -c /Applications/MAMP/htdocs/face-detection/face-detection-api/node_modules/opencv-build/opencv/build/CMakeFiles/CMakeTmp/src.c
warning: unknown warning option '-Wno-pointer-compare' [-Wunknown-warning-option]
/Applications/MAMP/htdocs/face-detection/face-detection-api/node_modules/opencv-build/opencv/build/CMakeFiles/CMakeTmp/src.c:1:8: warning: unknown pragma ignored [-Wunknown-pragmas]
#pragma
       ^
2 warnings generated.
Linking C executable cmTC_f59e0
/usr/local/Cellar/cmake/3.12.1/bin/cmake -E cmake_link_script CMakeFiles/cmTC_f59e0.dir/link.txt --verbose=1
/Applications/Xcode.app/Contents/Developer/Toolchains/XcodeDefault.xctoolchain/usr/bin/cc    -fsigned-char -W -Wall -Werror=return-type -Werror=non-virtual-dtor -Werror=address -Werror=sequence-point -Wformat -Werror=format-security   -Wstrict-prototypes -Wundef -Winit-self -Wpointer-arith  -Wsign-promo -Wuninitialized -Winit-self -Wno-narrowing -Wno-delete-non-virtual-dtor -Wno-unnamed-type-template-args -Wno-comment -Wno-implicit-fallthrough -fdiagnostics-show-option -Wno-long-long -Qunused-arguments -Wno-semicolon-before-method-body -ffunction-sections -fdata-sections  -msse -msse2 -msse3 -fvisibility=hidden -fvisibility-inlines-hidden -Wno-implicit-function-declaration -Wno-uninitialized -Wno-missing-prototypes -Wno-missing-declarations -Wno-unused -Wno-shadow -Wno-sign-compare -Wno-strict-overflow  -O3 -DNDEBUG -Wl,-search_paths_first -Wl,-headerpad_max_install_names    CMakeFiles/cmTC_f59e0.dir/src.c.o  -o cmTC_f59e0 

===== END =====

Build output check failed:
    Regex: 'unknown .*option'
    Output line: 'warning: unknown warning option '-Wno-misleading-indentation', did you mean '-Wno-missing-declarations'? [-Wunknown-warning-option]'
Compilation failed:
    source file: '/Applications/MAMP/htdocs/face-detection/face-detection-api/node_modules/opencv-build/opencv/build/CMakeFiles/CMakeTmp/src.cxx'
    check option: ' -Wno-misleading-indentation'
===== BUILD LOG =====
Change Dir: /Applications/MAMP/htdocs/face-detection/face-detection-api/node_modules/opencv-build/opencv/build/CMakeFiles/CMakeTmp

Run Build Command:"/usr/bin/make" "cmTC_83665/fast"
/Applications/Xcode.app/Contents/Developer/usr/bin/make -f CMakeFiles/cmTC_83665.dir/build.make CMakeFiles/cmTC_83665.dir/build
Building CXX object CMakeFiles/cmTC_83665.dir/src.cxx.o
/Applications/Xcode.app/Contents/Developer/Toolchains/XcodeDefault.xctoolchain/usr/bin/c++    -fsigned-char -W -Wall -Werror=return-type -Werror=non-virtual-dtor -Werror=address -Werror=sequence-point -Wformat -Werror=format-security  -Wmissing-prototypes -Wstrict-prototypes  -Winit-self -Wpointer-arith  -Wsign-promo  -Winit-self -Wno-narrowing -Wno-delete-non-virtual-dtor -Wno-unnamed-type-template-args -Wno-comment -Wno-implicit-fallthrough -fdiagnostics-show-option -Wno-long-long -Qunused-arguments -Wno-semicolon-before-method-body -ffunction-sections -fdata-sections  -msse -msse2 -msse3 -fvisibility=hidden -fvisibility-inlines-hidden -Wno-shadow -Wno-unused -Wno-sign-compare -Wno-undef -Wno-missing-declarations -Wno-uninitialized -Wno-switch -Wno-parentheses -Wno-array-bounds -Wno-extra -Wno-deprecated-declarations  -O3 -DNDEBUG -fPIE   -Wno-misleading-indentation -o CMakeFiles/cmTC_83665.dir/src.cxx.o -c /Applications/MAMP/htdocs/face-detection/face-detection-api/node_modules/opencv-build/opencv/build/CMakeFiles/CMakeTmp/src.cxx
warning: unknown warning option '-Wno-misleading-indentation'; did you mean '-Wno-missing-declarations'? [-Wunknown-warning-option]
/Applications/MAMP/htdocs/face-detection/face-detection-api/node_modules/opencv-build/opencv/build/CMakeFiles/CMakeTmp/src.cxx:1:8: warning: unknown pragma ignored [-Wunknown-pragmas]
#pragma
       ^
2 warnings generated.
Linking CXX executable cmTC_83665
/usr/local/Cellar/cmake/3.12.1/bin/cmake -E cmake_link_script CMakeFiles/cmTC_83665.dir/link.txt --verbose=1
/Applications/Xcode.app/Contents/Developer/Toolchains/XcodeDefault.xctoolchain/usr/bin/c++     -fsigned-char -W -Wall -Werror=return-type -Werror=non-virtual-dtor -Werror=address -Werror=sequence-point -Wformat -Werror=format-security  -Wmissing-prototypes -Wstrict-prototypes  -Winit-self -Wpointer-arith  -Wsign-promo  -Winit-self -Wno-narrowing -Wno-delete-non-virtual-dtor -Wno-unnamed-type-template-args -Wno-comment -Wno-implicit-fallthrough -fdiagnostics-show-option -Wno-long-long -Qunused-arguments -Wno-semicolon-before-method-body -ffunction-sections -fdata-sections  -msse -msse2 -msse3 -fvisibility=hidden -fvisibility-inlines-hidden -Wno-shadow -Wno-unused -Wno-sign-compare -Wno-undef -Wno-missing-declarations -Wno-uninitialized -Wno-switch -Wno-parentheses -Wno-array-bounds -Wno-extra -Wno-deprecated-declarations  -O3 -DNDEBUG -Wl,-search_paths_first -Wl,-headerpad_max_install_names    CMakeFiles/cmTC_83665.dir/src.cxx.o  -o cmTC_83665 

===== END =====

Build output check failed:
    Regex: 'unknown .*option'
    Output line: 'warning: unknown warning option '-Wno-enum-compare-switch', did you mean '-Wno-enum-compare'? [-Wunknown-warning-option]'
Compilation failed:
    source file: '/Applications/MAMP/htdocs/face-detection/face-detection-api/node_modules/opencv-build/opencv/build/CMakeFiles/CMakeTmp/src.cxx'
    check option: ' -Wno-enum-compare-switch'
===== BUILD LOG =====
Change Dir: /Applications/MAMP/htdocs/face-detection/face-detection-api/node_modules/opencv-build/opencv/build/CMakeFiles/CMakeTmp

Run Build Command:"/usr/bin/make" "cmTC_603a5/fast"
/Applications/Xcode.app/Contents/Developer/usr/bin/make -f CMakeFiles/cmTC_603a5.dir/build.make CMakeFiles/cmTC_603a5.dir/build
Building CXX object CMakeFiles/cmTC_603a5.dir/src.cxx.o
/Applications/Xcode.app/Contents/Developer/Toolchains/XcodeDefault.xctoolchain/usr/bin/c++    -fsigned-char -W -Wall -Werror=return-type -Werror=non-virtual-dtor -Werror=address -Werror=sequence-point -Wformat -Werror=format-security   -Wstrict-prototypes  -Winit-self -Wpointer-arith   -Wuninitialized -Winit-self -Wno-narrowing -Wno-delete-non-virtual-dtor -Wno-unnamed-type-template-args -Wno-comment -Wno-implicit-fallthrough -fdiagnostics-show-option -Wno-long-long -Qunused-arguments -Wno-semicolon-before-method-body -ffunction-sections -fdata-sections  -msse -msse2 -msse3 -fvisibility=hidden -fvisibility-inlines-hidden -Wno-deprecated -Wno-missing-prototypes -Wno-missing-declarations -Wno-shadow -Wno-unused-parameter -Wno-unused-local-typedefs -Wno-sign-compare -Wno-sign-promo -Wno-undef -Wno-tautological-undefined-compare -Wno-ignored-qualifiers -Wno-extra -Wno-unused-function -Wno-unused-const-variable -Wno-shorten-64-to-32 -Wno-invalid-offsetof  -O3 -DNDEBUG -fPIE   -Wno-enum-compare-switch -o CMakeFiles/cmTC_603a5.dir/src.cxx.o -c /Applications/MAMP/htdocs/face-detection/face-detection-api/node_modules/opencv-build/opencv/build/CMakeFiles/CMakeTmp/src.cxx
warning: unknown warning option '-Wno-enum-compare-switch'; did you mean '-Wno-enum-compare'? [-Wunknown-warning-option]
/Applications/MAMP/htdocs/face-detection/face-detection-api/node_modules/opencv-build/opencv/build/CMakeFiles/CMakeTmp/src.cxx:1:8: warning: unknown pragma ignored [-Wunknown-pragmas]
#pragma
       ^
2 warnings generated.
Linking CXX executable cmTC_603a5
/usr/local/Cellar/cmake/3.12.1/bin/cmake -E cmake_link_script CMakeFiles/cmTC_603a5.dir/link.txt --verbose=1
/Applications/Xcode.app/Contents/Developer/Toolchains/XcodeDefault.xctoolchain/usr/bin/c++     -fsigned-char -W -Wall -Werror=return-type -Werror=non-virtual-dtor -Werror=address -Werror=sequence-point -Wformat -Werror=format-security   -Wstrict-prototypes  -Winit-self -Wpointer-arith   -Wuninitialized -Winit-self -Wno-narrowing -Wno-delete-non-virtual-dtor -Wno-unnamed-type-template-args -Wno-comment -Wno-implicit-fallthrough -fdiagnostics-show-option -Wno-long-long -Qunused-arguments -Wno-semicolon-before-method-body -ffunction-sections -fdata-sections  -msse -msse2 -msse3 -fvisibility=hidden -fvisibility-inlines-hidden -Wno-deprecated -Wno-missing-prototypes -Wno-missing-declarations -Wno-shadow -Wno-unused-parameter -Wno-unused-local-typedefs -Wno-sign-compare -Wno-sign-promo -Wno-undef -Wno-tautological-undefined-compare -Wno-ignored-qualifiers -Wno-extra -Wno-unused-function -Wno-unused-const-variable -Wno-shorten-64-to-32 -Wno-invalid-offsetof  -O3 -DNDEBUG -Wl,-search_paths_first -Wl,-headerpad_max_install_names    CMakeFiles/cmTC_603a5.dir/src.cxx.o  -o cmTC_603a5 

===== END =====

Build output check failed:
    Regex: 'unknown .*option'
    Output line: 'warning: unknown warning option '-Wno-maybe-uninitialized', did you mean '-Wno-uninitialized'? [-Wunknown-warning-option]'
Compilation failed:
    source file: '/Applications/MAMP/htdocs/face-detection/face-detection-api/node_modules/opencv-build/opencv/build/CMakeFiles/CMakeTmp/src.cxx'
    check option: ' -Wno-maybe-uninitialized'
===== BUILD LOG =====
Change Dir: /Applications/MAMP/htdocs/face-detection/face-detection-api/node_modules/opencv-build/opencv/build/CMakeFiles/CMakeTmp

Run Build Command:"/usr/bin/make" "cmTC_403b5/fast"
/Applications/Xcode.app/Contents/Developer/usr/bin/make -f CMakeFiles/cmTC_403b5.dir/build.make CMakeFiles/cmTC_403b5.dir/build
Building CXX object CMakeFiles/cmTC_403b5.dir/src.cxx.o
/Applications/Xcode.app/Contents/Developer/Toolchains/XcodeDefault.xctoolchain/usr/bin/c++    -fsigned-char -W -Wall -Werror=return-type -Werror=non-virtual-dtor -Werror=address -Werror=sequence-point -Wformat -Werror=format-security -Wmissing-declarations -Wmissing-prototypes -Wstrict-prototypes -Wundef -Winit-self -Wpointer-arith -Wshadow -Wsign-promo -Wuninitialized -Winit-self -Wno-narrowing -Wno-delete-non-virtual-dtor -Wno-unnamed-type-template-args -Wno-comment -Wno-implicit-fallthrough -fdiagnostics-show-option -Wno-long-long -Qunused-arguments -Wno-semicolon-before-method-body -ffunction-sections -fdata-sections  -msse -msse2 -msse3 -fvisibility=hidden -fvisibility-inlines-hidden -Wno-shadow -Wno-parentheses  -O3 -DNDEBUG -fPIE   -Wno-maybe-uninitialized -o CMakeFiles/cmTC_403b5.dir/src.cxx.o -c /Applications/MAMP/htdocs/face-detection/face-detection-api/node_modules/opencv-build/opencv/build/CMakeFiles/CMakeTmp/src.cxx
warning: unknown warning option '-Wno-maybe-uninitialized'; did you mean '-Wno-uninitialized'? [-Wunknown-warning-option]
/Applications/MAMP/htdocs/face-detection/face-detection-api/node_modules/opencv-build/opencv/build/CMakeFiles/CMakeTmp/src.cxx:1:8: warning: unknown pragma ignored [-Wunknown-pragmas]
#pragma
       ^
2 warnings generated.
Linking CXX executable cmTC_403b5
/usr/local/Cellar/cmake/3.12.1/bin/cmake -E cmake_link_script CMakeFiles/cmTC_403b5.dir/link.txt --verbose=1
/Applications/Xcode.app/Contents/Developer/Toolchains/XcodeDefault.xctoolchain/usr/bin/c++     -fsigned-char -W -Wall -Werror=return-type -Werror=non-virtual-dtor -Werror=address -Werror=sequence-point -Wformat -Werror=format-security -Wmissing-declarations -Wmissing-prototypes -Wstrict-prototypes -Wundef -Winit-self -Wpointer-arith -Wshadow -Wsign-promo -Wuninitialized -Winit-self -Wno-narrowing -Wno-delete-non-virtual-dtor -Wno-unnamed-type-template-args -Wno-comment -Wno-implicit-fallthrough -fdiagnostics-show-option -Wno-long-long -Qunused-arguments -Wno-semicolon-before-method-body -ffunction-sections -fdata-sections  -msse -msse2 -msse3 -fvisibility=hidden -fvisibility-inlines-hidden -Wno-shadow -Wno-parentheses  -O3 -DNDEBUG -Wl,-search_paths_first -Wl,-headerpad_max_install_names    CMakeFiles/cmTC_403b5.dir/src.cxx.o  -o cmTC_403b5 

===== END =====

